Determining if the pthread_create exist failed with the following output:
Change Dir: /home/mark/boteye_ros/build/CMakeFiles/CMakeTmp

Run Build Command:"/usr/bin/make" "cmTC_802c9/fast"
/usr/bin/make -f CMakeFiles/cmTC_802c9.dir/build.make CMakeFiles/cmTC_802c9.dir/build
make[1]: 正在进入目录 `/home/mark/boteye_ros/build/CMakeFiles/CMakeTmp'
Building C object CMakeFiles/cmTC_802c9.dir/CheckSymbolExists.c.o
/usr/bin/cc   -std=gnu99 -Wno-deprecated-declarations      -o CMakeFiles/cmTC_802c9.dir/CheckSymbolExists.c.o   -c /home/mark/boteye_ros/build/CMakeFiles/CMakeTmp/CheckSymbolExists.c
Linking C executable cmTC_802c9
/usr/local/bin/cmake -E cmake_link_script CMakeFiles/cmTC_802c9.dir/link.txt --verbose=1
/usr/bin/cc -std=gnu99 -Wno-deprecated-declarations       -rdynamic CMakeFiles/cmTC_802c9.dir/CheckSymbolExists.c.o  -o cmTC_802c9 
CMakeFiles/cmTC_802c9.dir/CheckSymbolExists.c.o：在函数‘main’中：
CheckSymbolExists.c:(.text+0x16)：对‘pthread_create’未定义的引用
collect2: error: ld returned 1 exit status
make[1]: *** [cmTC_802c9] 错误 1
make[1]:正在离开目录 `/home/mark/boteye_ros/build/CMakeFiles/CMakeTmp'
make: *** [cmTC_802c9/fast] 错误 2

File /home/mark/boteye_ros/build/CMakeFiles/CMakeTmp/CheckSymbolExists.c:
/* */
#include <pthread.h>

int main(int argc, char** argv)
{
  (void)argv;
#ifndef pthread_create
  return ((int*)(&pthread_create))[argc];
#else
  (void)argc;
  return 0;
#endif
}

Determining if the function pthread_create exists in the pthreads failed with the following output:
Change Dir: /home/mark/boteye_ros/build/CMakeFiles/CMakeTmp

Run Build Command:"/usr/bin/make" "cmTC_35a8f/fast"
/usr/bin/make -f CMakeFiles/cmTC_35a8f.dir/build.make CMakeFiles/cmTC_35a8f.dir/build
make[1]: 正在进入目录 `/home/mark/boteye_ros/build/CMakeFiles/CMakeTmp'
Building C object CMakeFiles/cmTC_35a8f.dir/CheckFunctionExists.c.o
/usr/bin/cc   -std=gnu99 -Wno-deprecated-declarations   -DCHECK_FUNCTION_EXISTS=pthread_create   -o CMakeFiles/cmTC_35a8f.dir/CheckFunctionExists.c.o   -c /usr/local/share/cmake-3.11/Modules/CheckFunctionExists.c
Linking C executable cmTC_35a8f
/usr/local/bin/cmake -E cmake_link_script CMakeFiles/cmTC_35a8f.dir/link.txt --verbose=1
/usr/bin/cc -std=gnu99 -Wno-deprecated-declarations   -DCHECK_FUNCTION_EXISTS=pthread_create    -rdynamic CMakeFiles/cmTC_35a8f.dir/CheckFunctionExists.c.o  -o cmTC_35a8f -lpthreads 
/usr/bin/ld: 找不到 -lpthreads
collect2: error: ld returned 1 exit status
make[1]: *** [cmTC_35a8f] 错误 1
make[1]:正在离开目录 `/home/mark/boteye_ros/build/CMakeFiles/CMakeTmp'
make: *** [cmTC_35a8f/fast] 错误 2


